\BOOKMARK [1][-]{section.1}{Introduction}{}% 1
\BOOKMARK [2][-]{subsection.1.1}{Objectives of this document}{section.1}% 2
\BOOKMARK [2][-]{subsection.1.2}{Application area}{section.1}% 3
\BOOKMARK [2][-]{subsection.1.3}{Applicable and reference resources}{section.1}% 4
\BOOKMARK [2][-]{subsection.1.4}{Document amendment procedure}{section.1}% 5
\BOOKMARK [2][-]{subsection.1.5}{Terminology}{section.1}% 6
\BOOKMARK [3][-]{subsubsection.1.5.1}{Glossary}{subsection.1.5}% 7
\BOOKMARK [2][-]{subsection.1.6}{Role of the technical coordinator}{section.1}% 8
\BOOKMARK [1][-]{section.2}{Executive summary}{}% 9
\BOOKMARK [2][-]{subsection.2.1}{Frequency of release}{section.2}% 10
\BOOKMARK [2][-]{subsection.2.2}{Release schedule}{section.2}% 11
\BOOKMARK [1][-]{section.3}{Supporting infrastructure}{}% 12
\BOOKMARK [2][-]{subsection.3.1}{Centralised code repository}{section.3}% 13
\BOOKMARK [2][-]{subsection.3.2}{Development branch}{section.3}% 14
\BOOKMARK [2][-]{subsection.3.3}{Toolset}{section.3}% 15
\BOOKMARK [1][-]{section.4}{Testing}{}% 16
\BOOKMARK [2][-]{subsection.4.1}{Testplans}{section.4}% 17
\BOOKMARK [2][-]{subsection.4.2}{Unit tests}{section.4}% 18
\BOOKMARK [2][-]{subsection.4.3}{Integration tests}{section.4}% 19
\BOOKMARK [2][-]{subsection.4.4}{Acceptance tests}{section.4}% 20
\BOOKMARK [2][-]{subsection.4.5}{Further testing}{section.4}% 21
\BOOKMARK [1][-]{section.5}{Software release procedure}{}% 22
\BOOKMARK [2][-]{subsection.5.1}{Themed technical meetings}{section.5}% 23
\BOOKMARK [1][-]{section.6}{Next steps}{}% 24
\BOOKMARK [2][-]{subsection.6.1}{Establish release contents}{section.6}% 25
\BOOKMARK [2][-]{subsection.6.2}{Develop testplans}{section.6}% 26
\BOOKMARK [2][-]{subsection.6.3}{Deploy infrastructure}{section.6}% 27
\BOOKMARK [2][-]{subsection.6.4}{Gather resources for a development deployment}{section.6}% 28
\BOOKMARK [1][-]{section.7}{Checklists}{}% 29
\BOOKMARK [2][-]{subsection.7.1}{Technical coordinator}{section.7}% 30
\BOOKMARK [2][-]{subsection.7.2}{Developers / team members}{section.7}% 31
